[  385918ms] [ERROR] React has detected a change in the order of Hooks called by %s. This will lead to bugs and errors if not fixed. For more information, read the Rules of Hooks: https://react.dev/link/rules-of-hooks

   Previous render            Next render
   ------------------------------------------------------
%s   ^^^^^^^^^^^^^^^^^^^^^^^^^^^^^^^^^^^^^^^^^^^^^^^^^^^^^^
 App 1. useCallback                useCallback
2. useCallback                useCallback
3. useSyncExternalStore       useSyncExternalStore
4. useDebugValue              useDebugValue
5. useCallback                useCallback
6. useCallback                useCallback
7. useSyncExternalStore       useSyncExternalStore
8. useDebugValue              useDebugValue
9. useCallback                useCallback
10. useCallback               useCallback
11. useSyncExternalStore      useSyncExternalStore
12. useDebugValue             useDebugValue
13. useCallback               useCallback
14. useCallback               useCallback
15. useSyncExternalStore      useSyncExternalStore
16. useDebugValue             useDebugValue
17. useCallback               useCallback
18. useCallback               useCallback
19. useSyncExternalStore      useSyncExternalStore
20. useDebugValue             useDebugValue
21. useCallback               useCallback
22. useCallback               useCallback
23. useSyncExternalStore      useSyncExternalStore
24. useDebugValue             useDebugValue
25. useRef                    useRef
26. useState                  useState
27. useState                  useState
28. useState                  useState
29. useState                  useState
30. useEffect                 useState
 @ http://localhost:5173/node_modules/.vite/deps/react-dom_client.js?v=84633e1d:5593
[  385960ms] Error: Should have a queue. You are likely calling Hooks conditionally, which is not allowed. (https://react.dev/link/invalid-hook-call)
    at updateReducerImpl (http://localhost:5173/node_modules/.vite/deps/react-dom_client.js?v=84633e1d:5892:17)
    at updateReducer (http://localhost:5173/node_modules/.vite/deps/react-dom_client.js?v=84633e1d:5887:16)
    at Object.useState (http://localhost:5173/node_modules/.vite/deps/react-dom_client.js?v=84633e1d:18996:20)
    at exports.useState (http://localhost:5173/node_modules/.vite/deps/chunk-RY7GF66K.js?v=ac91d921:959:36)
    at useAudio (http://localhost:5173/src/hooks/useAudio.ts?t=1770736598886:9:43)
    at App (http://localhost:5173/src/App.tsx?t=1770736598886:40:7)
    at Object.react_stack_bottom_frame (http://localhost:5173/node_modules/.vite/deps/react-dom_client.js?v=84633e1d:18509:20)
    at renderWithHooks (http://localhost:5173/node_modules/.vite/deps/react-dom_client.js?v=84633e1d:5654:24)
    at updateFunctionComponent (http://localhost:5173/node_modules/.vite/deps/react-dom_client.js?v=84633e1d:7475:21)
    at beginWork (http://localhost:5173/node_modules/.vite/deps/react-dom_client.js?v=84633e1d:8525:20)
[  385926ms] [WARNING] %s

%s
 An error occurred in the <App> component. Consider adding an error boundary to your tree to customize error handling behavior.
Visit https://react.dev/link/error-boundaries to learn more about error boundaries. @ http://localhost:5173/node_modules/.vite/deps/react-dom_client.js?v=84633e1d:6965
