[     577ms] [WARNING] The AudioContext was not allowed to start. It must be resumed (or created) after a user gesture on the page. https://developer.chrome.com/blog/autoplay/#web_audio @ http://localhost:5174/src/components/PreviewCanvas.tsx?t=1770802080364:44
[    5856ms] [ERROR] Failed to load resource: net::ERR_CONNECTION_REFUSED @ http://localhost:5174/@fs/Users/cyrilpereira/Sites/mandarine/analogik/packages/mandafunk/shaders/shaders/PlasmaShader.ts?t=1770802080364:0
[    5856ms] [ERROR] Failed to load shader "Plasma": TypeError: Failed to fetch dynamically imported module: http://localhost:5174/@fs/Users/cyrilpereira/Sites/mandarine/analogik/packages/mandafunk/shaders/shaders/PlasmaShader.ts?t=1770802080364 @ http://localhost:5174/@fs/Users/cyrilpereira/Sites/mandarine/analogik/packages/mandafunk/shaders/shaderLoader.ts?t=1770802080364:73
[    5857ms] [ERROR] Failed to load shader: Plasma TypeError: Failed to fetch dynamically imported module: http://localhost:5174/@fs/Users/cyrilpereira/Sites/mandarine/analogik/packages/mandafunk/shaders/shaders/PlasmaShader.ts?t=1770802080364 @ http://localhost:5174/@fs/Users/cyrilpereira/Sites/mandarine/analogik/packages/mandafunk/core/MandaScene.ts?t=1770802080364:115
[   15444ms] [WARNING] ⚠️ React Router Future Flag Warning: React Router will begin wrapping state updates in `React.startTransition` in v7. You can use the `v7_startTransition` future flag to opt-in early. For more information, see https://reactrouter.com/v6/upgrading/future#v7_starttransition. @ http://localhost:5174/node_modules/.vite/deps/react-router-dom.js?v=eaca109e:4435
[   15444ms] [WARNING] ⚠️ React Router Future Flag Warning: Relative route resolution within Splat routes is changing in v7. You can use the `v7_relativeSplatPath` future flag to opt-in early. For more information, see https://reactrouter.com/v6/upgrading/future#v7_relativesplatpath. @ http://localhost:5174/node_modules/.vite/deps/react-router-dom.js?v=eaca109e:4435
[   15561ms] [ERROR] Failed to load resource: the server responded with a status of 404 (Not Found) @ http://localhost:5174/favicon.ico:0
[  173675ms] [WARNING] The AudioContext was not allowed to start. It must be resumed (or created) after a user gesture on the page. https://developer.chrome.com/blog/autoplay/#web_audio @ http://localhost:5174/src/components/PreviewCanvas.tsx:44
[ 4373167ms] ReferenceError: useGanttStore is not defined
    at PreviewCanvas (http://localhost:5174/src/components/PreviewCanvas.tsx?t=1770806561233:70:21)
    at Object.react_stack_bottom_frame (http://localhost:5174/node_modules/.vite/deps/react-dom_client.js?v=d81fa452:18509:20)
    at renderWithHooks (http://localhost:5174/node_modules/.vite/deps/react-dom_client.js?v=d81fa452:5654:24)
    at updateFunctionComponent (http://localhost:5174/node_modules/.vite/deps/react-dom_client.js?v=d81fa452:7475:21)
    at beginWork (http://localhost:5174/node_modules/.vite/deps/react-dom_client.js?v=d81fa452:8525:20)
    at runWithFiberInDEV (http://localhost:5174/node_modules/.vite/deps/react-dom_client.js?v=d81fa452:997:72)
    at performUnitOfWork (http://localhost:5174/node_modules/.vite/deps/react-dom_client.js?v=d81fa452:12561:98)
    at workLoopSync (http://localhost:5174/node_modules/.vite/deps/react-dom_client.js?v=d81fa452:12424:43)
    at renderRootSync (http://localhost:5174/node_modules/.vite/deps/react-dom_client.js?v=d81fa452:12408:13)
    at performWorkOnRoot (http://localhost:5174/node_modules/.vite/deps/react-dom_client.js?v=d81fa452:11827:37)
[ 4373157ms] [WARNING] %s

%s
 An error occurred in the <PreviewCanvas> component. Consider adding an error boundary to your tree to customize error handling behavior.
Visit https://react.dev/link/error-boundaries to learn more about error boundaries. @ http://localhost:5174/node_modules/.vite/deps/react-dom_client.js?v=d81fa452:6965
[ 4379293ms] [WARNING] The AudioContext was not allowed to start. It must be resumed (or created) after a user gesture on the page. https://developer.chrome.com/blog/autoplay/#web_audio @ http://localhost:5174/src/components/PreviewCanvas.tsx?t=1770806567351:43
[ 4498815ms] [WARNING] The AudioContext was not allowed to start. It must be resumed (or created) after a user gesture on the page. https://developer.chrome.com/blog/autoplay/#web_audio @ http://localhost:5174/src/hooks/useAudioContext.ts:16
[ 4499203ms] [WARNING] The AudioContext was not allowed to start. It must be resumed (or created) after a user gesture on the page. https://developer.chrome.com/blog/autoplay/#web_audio @ http://localhost:5174/src/components/PreviewCanvas.tsx?t=1770806567351:43
